<?xml version="1.0" encoding="UTF-8"?>
<!-- Generated by org.testng.reporters.JUnitReportReporter -->
<testsuite hostname="360NDCLP086" name="com.app.testscripts.InputForm" tests="2" failures="0" timestamp="12 Apr 2019 20:37:51 GMT" time="32.725" errors="0">
  <testcase name="TestInputForm" time="16.891" classname="com.app.testscripts.InputForm"/>
  <testcase name="TestInputForm" time="15.834" classname="com.app.testscripts.InputForm"/>
</testsuite> <!-- com.app.testscripts.InputForm -->
