<?xml version="1.0" encoding="UTF-8"?>
<!-- Generated by org.testng.reporters.JUnitReportReporter -->
<testsuite hostname="360NDCLP086" name="com.app.testscripts.InputForm" tests="2" failures="0" timestamp="12 Apr 2019 13:03:00 GMT" time="12.157" errors="0">
  <testcase name="TestAlert" time="6.272" classname="com.app.testscripts.InputForm"/>
  <testcase name="TestAlert" time="5.885" classname="com.app.testscripts.InputForm"/>
</testsuite> <!-- com.app.testscripts.InputForm -->
