<?xml version="1.0" encoding="UTF-8"?>
<!-- Generated by org.testng.reporters.JUnitReportReporter -->
<testsuite hostname="360NDCLP086" name="com.app.testscripts.AlertModal" tests="1" failures="0" timestamp="14 Apr 2019 19:25:26 GMT" time="6.960" errors="0">
  <testcase name="TestAlert" time="6.960" classname="com.app.testscripts.AlertModal"/>
</testsuite> <!-- com.app.testscripts.AlertModal -->
