<?xml version="1.0" encoding="UTF-8"?>
<!-- Generated by org.testng.reporters.JUnitReportReporter -->
<testsuite hostname="360NDCLP086" name="com.app.testscripts.AlertModal" tests="1" failures="0" timestamp="12 Apr 2019 12:57:17 GMT" time="7.478" errors="0">
  <testcase name="TestAlert" time="7.478" classname="com.app.testscripts.AlertModal"/>
</testsuite> <!-- com.app.testscripts.AlertModal -->
