<?xml version="1.0" encoding="UTF-8"?>
<!-- Generated by org.testng.reporters.JUnitReportReporter -->
<testsuite hostname="360NDCLP086" name="com.app.testscripts.InputForm" tests="2" failures="0" timestamp="12 Apr 2019 15:13:46 GMT" time="24.080" errors="0">
  <testcase name="TestAlert" time="8.733" classname="com.app.testscripts.InputForm"/>
  <testcase name="TestAlert" time="15.347" classname="com.app.testscripts.InputForm"/>
</testsuite> <!-- com.app.testscripts.InputForm -->
