<?xml version="1.0" encoding="UTF-8"?>
<!-- Generated by org.testng.reporters.JUnitReportReporter -->
<testsuite hostname="360NDCLP086" name="com.app.TestScript.InputForm" tests="1" failures="0" timestamp="9 Apr 2019 10:44:08 GMT" time="13.918" errors="0">
  <testcase name="TestAlert" time="13.918" classname="com.app.TestScript.InputForm"/>
</testsuite> <!-- com.app.TestScript.InputForm -->
